c:\users\admin\documents\visual studio 2017\projects\win32project1\win32project1\debug\win32project1.pch
c:\users\admin\documents\visual studio 2017\projects\win32project1\win32project1\debug\vc141.pdb
c:\users\admin\documents\visual studio 2017\projects\win32project1\win32project1\debug\vc141.idb
c:\users\admin\documents\visual studio 2017\projects\win32project1\win32project1\debug\stdafx.obj
c:\users\admin\documents\visual studio 2017\projects\win32project1\win32project1\debug\datamanager.obj
c:\users\admin\documents\visual studio 2017\projects\win32project1\win32project1\debug\htcvivevr.obj
c:\users\admin\documents\visual studio 2017\projects\win32project1\win32project1\debug\joystick.obj
c:\users\admin\documents\visual studio 2017\projects\win32project1\win32project1\debug\win32project1.obj
c:\users\admin\documents\visual studio 2017\projects\win32project1\win32project1\debug\win32project1.res
c:\users\admin\documents\visual studio 2017\projects\win32project1\debug\win32project1.pdb
c:\users\admin\documents\visual studio 2017\projects\win32project1\win32project1\debug\win32project1.tlog\cl.command.1.tlog
c:\users\admin\documents\visual studio 2017\projects\win32project1\win32project1\debug\win32project1.tlog\cl.read.1.tlog
c:\users\admin\documents\visual studio 2017\projects\win32project1\win32project1\debug\win32project1.tlog\cl.write.1.tlog
c:\users\admin\documents\visual studio 2017\projects\win32project1\win32project1\debug\win32project1.tlog\link-cvtres.read.1.tlog
c:\users\admin\documents\visual studio 2017\projects\win32project1\win32project1\debug\win32project1.tlog\link-cvtres.write.1.tlog
c:\users\admin\documents\visual studio 2017\projects\win32project1\win32project1\debug\win32project1.tlog\link-rc.read.1.tlog
c:\users\admin\documents\visual studio 2017\projects\win32project1\win32project1\debug\win32project1.tlog\link-rc.write.1.tlog
c:\users\admin\documents\visual studio 2017\projects\win32project1\win32project1\debug\win32project1.tlog\link.command.1.tlog
c:\users\admin\documents\visual studio 2017\projects\win32project1\win32project1\debug\win32project1.tlog\link.read.1.tlog
c:\users\admin\documents\visual studio 2017\projects\win32project1\win32project1\debug\win32project1.tlog\link.write.1.tlog
c:\users\admin\documents\visual studio 2017\projects\win32project1\win32project1\debug\win32project1.tlog\rc.command.1.tlog
c:\users\admin\documents\visual studio 2017\projects\win32project1\win32project1\debug\win32project1.tlog\rc.read.1.tlog
c:\users\admin\documents\visual studio 2017\projects\win32project1\win32project1\debug\win32project1.tlog\rc.write.1.tlog
